High Performance MPEG 1.0/2.0/2.5 Audio Player for Layers 1, 2 and 3
	version 1.25.6; written and copyright by Michael Hipp and others
	free software (LGPL) without any warranty but with best wishes

Directory: /home/ringo/音楽/music/
Playing MPEG stream 1 of 1: lostone.mp3 ...

MPEG 1.0 L III cbr192 44100 j-s


[3:35] Decoding of lostone.mp3 finished.
High Performance MPEG 1.0/2.0/2.5 Audio Player for Layers 1, 2 and 3
	version 1.25.6; written and copyright by Michael Hipp and others
	free software (LGPL) without any warranty but with best wishes

Directory: /home/ringo/音楽/music/
Playing MPEG stream 1 of 1: hibana.mp3 ...

MPEG 1.0 L III cbr192 44100 j-s


[3:27] Decoding of hibana.mp3 finished.
High Performance MPEG 1.0/2.0/2.5 Audio Player for Layers 1, 2 and 3
	version 1.25.6; written and copyright by Michael Hipp and others
	free software (LGPL) without any warranty but with best wishes

Directory: /home/ringo/音楽/music/
Playing MPEG stream 1 of 1: e-arufanclub.mp3 ...

MPEG 1.0 L III cbr192 44100 j-s


[3:58] Decoding of e-arufanclub.mp3 finished.
